2023-07-07 15:18:21,432 - INFO - 2023-07-07 15:18:21,432 - Загадано число: 2 
, Количество попыток:4
, Отгаданно с 1 попытки

2023-07-07 15:18:23,511 - INFO - 2023-07-07 15:18:23,511 - Загадано число: 2 
, Количество попыток:4
, Отгаданно с 2 попытки

2023-07-07 15:18:27,562 - INFO - 2023-07-07 15:18:27,562 - Загадано число: 2 
, Количество попыток:4
, Отгаданно с 3 попытки

2023-07-07 15:20:32,526 - INFO - 2023-07-07 15:20:32,526 - Загадано число: 2 
, Количество попыток:2
, Отгаданно с 1 попытки

2023-07-07 15:21:18,160 - INFO - 2023-07-07 15:21:18,160 - Загадано число: 5 
, Количество попыток:1
, Отгаданно с 1 попытки

2023-07-07 15:22:09,019 - INFO - 2023-07-07 15:22:09,019 - Загадано число: 8 
, Количество попыток:1
, Отгаданно с 1 попытки

2023-07-07 15:24:43,020 - INFO - 2023-07-07 15:24:43,020 - Загадано число: 7 
, Количество попыток:2
, Отгаданно с 2 попытки

2023-07-07 15:27:18,091 - INFO - 2023-07-07 15:27:18,091 - Вы не угадали за 2 попыток, было загадано число 1
2023-07-07 15:29:56,897 - INFO - 2023-07-07 15:29:56,897 - Вводимые значения: 50 

2023-07-07 15:30:00,033 - INFO - 2023-07-07 15:30:00,033 - Вводимые значения: 80 

2023-07-07 15:30:00,033 - INFO - 2023-07-07 15:30:00,033 - Вы не угадали за 2 попыток, было загадано число 52
2023-07-07 15:32:22,488 - INFO - 2023-07-07 15:32:22,488 - Загадано число: 70 
, Количество попыток:2 

2023-07-07 15:32:27,756 - INFO - 2023-07-07 15:32:27,756 - Вводимые значения: 50 

2023-07-07 15:32:35,584 - INFO - 2023-07-07 15:32:35,584 - Вводимые значения: 80 

2023-07-07 15:32:35,584 - INFO - 2023-07-07 15:32:35,584 - Вы не угадали за 2 попыток, было загадано число 70
2023-07-07 15:33:32,362 - INFO - 2023-07-07 15:33:32,362 - Загадано число: 1, Количество попыток:2 

2023-07-07 15:33:35,917 - INFO - 2023-07-07 15:33:35,917 - Вводимые значения: 2 

2023-07-07 15:33:36,760 - INFO - 2023-07-07 15:33:36,760 - Загадано число: 1 
, Количество попыток:2
, Отгаданно с 2 попытки

2023-07-07 15:36:07,636 - INFO - 2023-07-07 15:36:07,636 - Вводимые значения: 1 

2023-07-07 15:36:07,996 - INFO - 2023-07-07 15:36:07,996 - Вводимые значения: 4 

2023-07-07 15:36:08,859 - INFO - 2023-07-07 15:36:08,859 - Вводимые значения: 5 

2023-07-07 15:36:10,385 - INFO - 2023-07-07 15:36:10,385 - Вводимые значения: 6 

2023-07-07 15:36:11,608 - INFO - 2023-07-07 15:36:11,608 - Загадано число: 8, Количество попыток:5, Отгаданно с 5 попытки

2023-07-07 15:37:26,065 - INFO - 2023-07-07 15:37:26,065 - Загадано число: 7, Количество попыток:5
2023-07-07 15:37:26,972 - INFO - 2023-07-07 15:37:26,972 - Вводимые значения: 2 

2023-07-07 15:37:26,972 - INFO - 2023-07-07 15:37:26,972 - Загадано число: 7, Количество попыток:5
2023-07-07 15:37:27,411 - INFO - 2023-07-07 15:37:27,411 - Вводимые значения: 4 

2023-07-07 15:37:27,411 - INFO - 2023-07-07 15:37:27,411 - Загадано число: 7, Количество попыток:5
2023-07-07 15:37:27,803 - INFO - 2023-07-07 15:37:27,803 - Вводимые значения: 5 

2023-07-07 15:37:27,803 - INFO - 2023-07-07 15:37:27,803 - Загадано число: 7, Количество попыток:5
2023-07-07 15:37:28,237 - INFO - 2023-07-07 15:37:28,237 - Загадано число: 7, Количество попыток:5, Отгаданно с 4 попытки

2023-07-07 15:38:28,439 - INFO - 2023-07-07 15:38:28,439 - Загадано число: 5, Количество попыток:9
2023-07-07 15:38:29,328 - INFO - 2023-07-07 15:38:29,328 - Вводимые значения: 1 

2023-07-07 15:38:29,328 - INFO - 2023-07-07 15:38:29,328 - Загадано число: 5, Количество попыток:9
2023-07-07 15:38:29,657 - INFO - 2023-07-07 15:38:29,657 - Вводимые значения: 4 

2023-07-07 15:38:29,657 - INFO - 2023-07-07 15:38:29,657 - Загадано число: 5, Количество попыток:9
2023-07-07 15:38:30,034 - INFO - 2023-07-07 15:38:30,034 - Вводимые значения: 7 

2023-07-07 15:38:30,034 - INFO - 2023-07-07 15:38:30,034 - Загадано число: 5, Количество попыток:9
2023-07-07 15:38:30,394 - INFO - 2023-07-07 15:38:30,394 - Вводимые значения: 8 

2023-07-07 15:38:30,394 - INFO - 2023-07-07 15:38:30,394 - Загадано число: 5, Количество попыток:9
2023-07-07 15:38:30,822 - INFO - 2023-07-07 15:38:30,822 - Отгаданно с 5 попытки

2023-07-07 15:39:54,521 - INFO - 2023-07-07 15:39:54,521 - Загадано число: 45, Количество попыток:5

2023-07-07 15:39:57,216 - INFO - 2023-07-07 15:39:57,216 - Вводимые значения: 80 

2023-07-07 15:39:58,518 - INFO - 2023-07-07 15:39:58,518 - Вводимые значения: 20 

2023-07-07 15:39:59,898 - INFO - 2023-07-07 15:39:59,898 - Вводимые значения: 40 

2023-07-07 15:40:01,953 - INFO - 2023-07-07 15:40:01,953 - Отгаданно с 4 попытки

2023-07-07 15:41:32,149 - INFO - 2023-07-07 15:41:32,149 - Новая игра! 
 Загадано число: 80, Количество попыток:1

2023-07-07 15:41:32,840 - INFO - 2023-07-07 15:41:32,840 - Вводимые значения: 50 

2023-07-07 15:41:32,855 - INFO - 2023-07-07 15:41:32,855 - Вы не угадали за 1 попыток, было загадано число 80

2023-07-07 15:42:34,775 - INFO - 2023-07-07 15:42:34,775 - Новая игра! 

2023-07-07 15:42:34,775 - INFO - 2023-07-07 15:42:34,775 - Загадано число: 80, Количество попыток:5

2023-07-07 15:42:35,748 - INFO - 2023-07-07 15:42:35,748 - Вводимые значения: 20 

2023-07-07 15:42:36,613 - INFO - 2023-07-07 15:42:36,613 - Вводимые значения: 50 

2023-07-07 15:42:54,555 - INFO - 2023-07-07 15:42:54,555 - Новая игра! 

2023-07-07 15:42:54,555 - INFO - 2023-07-07 15:42:54,555 - Загадано число: 40, Количество попыток:5

2023-07-07 15:42:57,085 - INFO - 2023-07-07 15:42:57,085 - Вводимые значения: 50 

2023-07-07 15:43:03,180 - INFO - 2023-07-07 15:43:03,180 - Вводимые значения: 15 

2023-07-07 15:43:10,277 - INFO - 2023-07-07 15:43:10,277 - Вводимые значения: 35 

2023-07-07 15:43:14,146 - INFO - 2023-07-07 15:43:14,146 - Вводимые значения: 45 

2023-07-07 15:43:19,135 - INFO - 2023-07-07 15:43:19,135 - Отгаданно с 5 попытки

2023-07-07 15:47:22,200 - INFO - 2023-07-07 15:47:22,200 - !Введеное количество попыток 3 вне диапазона! 
 количество попыток будет назначено случайным
2023-07-07 15:47:22,200 - INFO - 2023-07-07 15:47:22,200 - !Введеное число 26 вне диапазона! 
 будет загаданно случайное число
2023-07-07 15:47:22,200 - INFO - 2023-07-07 15:47:22,200 - Новая игра! 

2023-07-07 15:47:22,200 - INFO - 2023-07-07 15:47:22,200 - Загадано число: 26, Количество попыток:3

2023-07-07 15:47:25,135 - INFO - 2023-07-07 15:47:25,135 - Вводимые значения: 50 

2023-07-07 15:47:31,682 - INFO - 2023-07-07 15:47:31,682 - Вводимые значения: 25 

2023-07-07 15:47:37,031 - INFO - 2023-07-07 15:47:37,031 - Вводимые значения: 30 

2023-07-07 15:47:37,031 - INFO - 2023-07-07 15:47:37,031 - Вы не угадали за 3 попыток, было загадано число 26

2023-07-07 15:49:22,976 - INFO - 2023-07-07 15:49:22,976 - !Введеное количество попыток 800 вне диапазона! Количество попыток будет назначено случайным
2023-07-07 15:49:22,976 - INFO - 2023-07-07 15:49:22,976 - !Введеное число 500 вне диапазона! Будет загаданно случайное число
2023-07-07 15:49:22,976 - INFO - 2023-07-07 15:49:22,976 - Новая игра! 

2023-07-07 15:49:22,976 - INFO - 2023-07-07 15:49:22,976 - Загадано число: 75, Количество попыток:7

2023-07-07 15:49:24,890 - INFO - 2023-07-07 15:49:24,890 - Вводимые значения: 50 

2023-07-07 15:49:29,581 - INFO - 2023-07-07 15:49:29,581 - Вводимые значения: 35 

2023-07-07 15:49:34,115 - INFO - 2023-07-07 15:49:34,115 - Вводимые значения: 80 

2023-07-07 15:49:37,171 - INFO - 2023-07-07 15:49:37,171 - Вводимые значения: 70 

2023-07-07 15:49:41,166 - INFO - 2023-07-07 15:49:41,166 - Отгаданно с 5 попытки

2023-07-07 15:50:34,020 - INFO - 2023-07-07 15:50:34,020 - Новая игра! 

2023-07-07 15:50:34,020 - INFO - 2023-07-07 15:50:34,020 - !Введеное количество попыток 800 вне диапазона! Количество попыток будет назначено случайным
2023-07-07 15:50:34,020 - INFO - 2023-07-07 15:50:34,020 - !Введеное число 400 вне диапазона! Будет загаданно случайное число
2023-07-07 15:50:34,020 - INFO - 2023-07-07 15:50:34,020 - Загадано число: 62, Количество попыток:5

2023-07-07 15:50:35,945 - INFO - 2023-07-07 15:50:35,945 - Вводимые значения: 50 

2023-07-07 15:50:39,562 - INFO - 2023-07-07 15:50:39,562 - Вводимые значения: 80 

2023-07-07 15:50:44,249 - INFO - 2023-07-07 15:50:44,249 - Вводимые значения: 70 

2023-07-07 15:50:47,204 - INFO - 2023-07-07 15:50:47,204 - Вводимые значения: 60 

2023-07-07 15:50:49,745 - INFO - 2023-07-07 15:50:49,745 - Вводимые значения: 65 

2023-07-07 15:50:49,745 - INFO - 2023-07-07 15:50:49,745 - Вы не угадали за 5 попыток, было загадано число 62

